<?xml version="1.0" encoding="UTF-8"?>
<!-- Generated by org.testng.reporters.JUnitXMLReporter -->
<testsuite ignored="0" hostname="LAPTOP-4UAC0B5R" failures="0" tests="7" name="EndToEnd" time="231.925" errors="0" timestamp="2022-05-23T16:35:06 IST">
  <testcase classname="com.eDermx.Test.EDermxEndToEnd" name="logInNegative" time="1.939"/>
  <testcase classname="com.eDermx.Test.EDermxEndToEnd" name="logInPositive" time="12.183"/>
  <testcase classname="com.eDermx.Test.EDermxEndToEnd" name="dashBoard" time="26.324"/>
  <testcase classname="com.eDermx.Test.EDermxEndToEnd" name="schedule" time="90.397"/>
  <testcase classname="com.eDermx.Test.EDermxEndToEnd" name="patient" time="46.868"/>
  <testcase classname="com.eDermx.Test.EDermxEndToEnd" name="Billing" time="30.37"/>
  <testcase classname="com.eDermx.Test.EDermxEndToEnd" name="logOut" time="3.81"/>
</testsuite> <!-- EndToEnd -->
