<?xml version="1.0" encoding="UTF-8"?>
<testsuite xmlns:xsi="http://www.w3.org/2001/XMLSchema-instance" xsi:noNamespaceSchemaLocation="https://maven.apache.org/surefire/maven-surefire-plugin/xsd/surefire-test-report-3.0.xsd" version="3.0" name="TestSuite" time="234.401" tests="7" errors="0" skipped="0" failures="0">
  <properties>
[...]
</properties>
  <testcase name="logInNegative" classname="com.eDermx.Test.EDermxEndToEnd" time="1.947"/>
  <testcase name="logInPositive" classname="com.eDermx.Test.EDermxEndToEnd" time="12.183"/>
  <testcase name="dashBoard" classname="com.eDermx.Test.EDermxEndToEnd" time="26.324"/>
  <testcase name="schedule" classname="com.eDermx.Test.EDermxEndToEnd" time="90.389"/>
  <testcase name="patient" classname="com.eDermx.Test.EDermxEndToEnd" time="46.86"/>
  <testcase name="Billing" classname="com.eDermx.Test.EDermxEndToEnd" time="30.37"/>
  <testcase name="logOut" classname="com.eDermx.Test.EDermxEndToEnd" time="3.81"/>
</testsuite>