<?xml version="1.0" encoding="UTF-8"?>
<testng-results ignored="0" total="7" passed="7" failed="0" skipped="0">
  <reporter-output>
  </reporter-output>
  <suite started-at="2022-05-23T16:31:14 IST" name="eDermx" finished-at="2022-05-23T16:35:06 IST" duration-ms="231925">
    <groups>
    </groups>
    <test started-at="2022-05-23T16:31:14 IST" name="EndToEnd" finished-at="2022-05-23T16:35:06 IST" duration-ms="231925">
      <class name="com.eDermx.Test.EDermxEndToEnd">
        <test-method is-config="true" signature="setUp()[pri:0, instance:com.eDermx.Test.EDermxEndToEnd@670002]" started-at="2022-05-23T16:31:14 IST" name="setUp" finished-at="2022-05-23T16:31:32 IST" duration-ms="17870" status="PASS">
          <reporter-output>
          </reporter-output>
        </test-method> <!-- setUp -->
        <test-method signature="logInNegative()[pri:1, instance:com.eDermx.Test.EDermxEndToEnd@670002]" started-at="2022-05-23T16:31:32 IST" name="logInNegative" finished-at="2022-05-23T16:31:34 IST" duration-ms="1939" status="PASS">
          <reporter-output>
          </reporter-output>
        </test-method> <!-- logInNegative -->
        <test-method signature="logInPositive()[pri:2, instance:com.eDermx.Test.EDermxEndToEnd@670002]" started-at="2022-05-23T16:31:34 IST" name="logInPositive" finished-at="2022-05-23T16:31:46 IST" duration-ms="12183" status="PASS">
          <reporter-output>
          </reporter-output>
        </test-method> <!-- logInPositive -->
        <test-method signature="dashBoard()[pri:3, instance:com.eDermx.Test.EDermxEndToEnd@670002]" started-at="2022-05-23T16:31:46 IST" name="dashBoard" finished-at="2022-05-23T16:32:13 IST" duration-ms="26324" status="PASS">
          <reporter-output>
          </reporter-output>
        </test-method> <!-- dashBoard -->
        <test-method signature="schedule()[pri:4, instance:com.eDermx.Test.EDermxEndToEnd@670002]" started-at="2022-05-23T16:32:13 IST" name="schedule" finished-at="2022-05-23T16:33:43 IST" duration-ms="90397" status="PASS">
          <reporter-output>
          </reporter-output>
        </test-method> <!-- schedule -->
        <test-method signature="patient()[pri:5, instance:com.eDermx.Test.EDermxEndToEnd@670002]" started-at="2022-05-23T16:33:43 IST" name="patient" finished-at="2022-05-23T16:34:30 IST" duration-ms="46868" status="PASS">
          <reporter-output>
          </reporter-output>
        </test-method> <!-- patient -->
        <test-method signature="Billing()[pri:6, instance:com.eDermx.Test.EDermxEndToEnd@670002]" started-at="2022-05-23T16:34:30 IST" name="Billing" finished-at="2022-05-23T16:35:00 IST" duration-ms="30370" status="PASS">
          <reporter-output>
          </reporter-output>
        </test-method> <!-- Billing -->
        <test-method signature="logOut()[pri:7, instance:com.eDermx.Test.EDermxEndToEnd@670002]" started-at="2022-05-23T16:35:00 IST" name="logOut" finished-at="2022-05-23T16:35:04 IST" duration-ms="3810" status="PASS">
          <reporter-output>
          </reporter-output>
        </test-method> <!-- logOut -->
        <test-method is-config="true" signature="tearDown()[pri:0, instance:com.eDermx.Test.EDermxEndToEnd@670002]" started-at="2022-05-23T16:35:04 IST" name="tearDown" finished-at="2022-05-23T16:35:06 IST" duration-ms="2086" status="PASS">
          <reporter-output>
          </reporter-output>
        </test-method> <!-- tearDown -->
      </class> <!-- com.eDermx.Test.EDermxEndToEnd -->
    </test> <!-- EndToEnd -->
  </suite> <!-- eDermx -->
</testng-results>
