<?xml version="1.0" encoding="UTF-8"?>
<testng-results ignored="0" total="7" passed="7" failed="0" skipped="0">
  <reporter-output>
  </reporter-output>
  <suite started-at="2022-05-23T20:05:16 IST" name="eDermx" finished-at="2022-05-23T20:08:17 IST" duration-ms="180839">
    <groups>
    </groups>
    <test started-at="2022-05-23T20:05:16 IST" name="EndToEnd" finished-at="2022-05-23T20:08:17 IST" duration-ms="180839">
      <class name="com.eDermx.Test.EDermxEndToEnd">
        <test-method is-config="true" signature="setUp()[pri:0, instance:com.eDermx.Test.EDermxEndToEnd@62150f9e]" started-at="2022-05-23T20:05:16 IST" name="setUp" finished-at="2022-05-23T20:05:24 IST" duration-ms="8056" status="PASS">
          <reporter-output>
          </reporter-output>
        </test-method> <!-- setUp -->
        <test-method signature="logInNegative()[pri:1, instance:com.eDermx.Test.EDermxEndToEnd@62150f9e]" started-at="2022-05-23T20:05:24 IST" name="logInNegative" finished-at="2022-05-23T20:05:26 IST" duration-ms="1720" status="PASS">
          <reporter-output>
          </reporter-output>
        </test-method> <!-- logInNegative -->
        <test-method signature="logInPositive()[pri:2, instance:com.eDermx.Test.EDermxEndToEnd@62150f9e]" started-at="2022-05-23T20:05:26 IST" name="logInPositive" finished-at="2022-05-23T20:05:36 IST" duration-ms="10802" status="PASS">
          <reporter-output>
          </reporter-output>
        </test-method> <!-- logInPositive -->
        <test-method signature="dashBoard()[pri:3, instance:com.eDermx.Test.EDermxEndToEnd@62150f9e]" started-at="2022-05-23T20:05:36 IST" name="dashBoard" finished-at="2022-05-23T20:05:52 IST" duration-ms="15603" status="PASS">
          <reporter-output>
          </reporter-output>
        </test-method> <!-- dashBoard -->
        <test-method signature="schedule()[pri:4, instance:com.eDermx.Test.EDermxEndToEnd@62150f9e]" started-at="2022-05-23T20:05:52 IST" name="schedule" finished-at="2022-05-23T20:07:11 IST" duration-ms="79381" status="PASS">
          <reporter-output>
          </reporter-output>
        </test-method> <!-- schedule -->
        <test-method signature="patient()[pri:5, instance:com.eDermx.Test.EDermxEndToEnd@62150f9e]" started-at="2022-05-23T20:07:11 IST" name="patient" finished-at="2022-05-23T20:07:44 IST" duration-ms="32319" status="PASS">
          <reporter-output>
          </reporter-output>
        </test-method> <!-- patient -->
        <test-method signature="Billing()[pri:6, instance:com.eDermx.Test.EDermxEndToEnd@62150f9e]" started-at="2022-05-23T20:07:44 IST" name="Billing" finished-at="2022-05-23T20:08:11 IST" duration-ms="27015" status="PASS">
          <reporter-output>
          </reporter-output>
        </test-method> <!-- Billing -->
        <test-method signature="logOut()[pri:7, instance:com.eDermx.Test.EDermxEndToEnd@62150f9e]" started-at="2022-05-23T20:08:11 IST" name="logOut" finished-at="2022-05-23T20:08:15 IST" duration-ms="3707" status="PASS">
          <reporter-output>
          </reporter-output>
        </test-method> <!-- logOut -->
        <test-method is-config="true" signature="tearDown()[pri:0, instance:com.eDermx.Test.EDermxEndToEnd@62150f9e]" started-at="2022-05-23T20:08:15 IST" name="tearDown" finished-at="2022-05-23T20:08:17 IST" duration-ms="2154" status="PASS">
          <reporter-output>
          </reporter-output>
        </test-method> <!-- tearDown -->
      </class> <!-- com.eDermx.Test.EDermxEndToEnd -->
    </test> <!-- EndToEnd -->
  </suite> <!-- eDermx -->
</testng-results>
